<?xml version="1.0" encoding="UTF-8"?>
<testsuite name="PatronTest" tests="4" skipped="0" failures="0" errors="0" timestamp="2016-03-02T18:04:24" hostname="epicodus-59.local" time="0.145">
  <properties/>
  <testcase name="all_emptyAtFirst" classname="PatronTest" time="0.104"/>
  <testcase name="equals_returnsTrueIfPatronsAreTheSame" classname="PatronTest" time="0.006"/>
  <testcase name="save_addsInstaceOfPatronToDatabase" classname="PatronTest" time="0.018"/>
  <testcase name="save_assignsIdToObject" classname="PatronTest" time="0.015"/>
  <system-out><![CDATA[]]></system-out>
  <system-err><![CDATA[]]></system-err>
</testsuite>
