<?xml version="1.0" encoding="UTF-8"?>
<testsuite name="PatronTest" tests="2" skipped="0" failures="0" errors="0" timestamp="2016-03-02T17:51:01" hostname="epicodus-59.local" time="0.108">
  <properties/>
  <testcase name="all_emptyAtFirst" classname="PatronTest" time="0.102"/>
  <testcase name="equals_returnsTrueIfPatronsAreTheSame" classname="PatronTest" time="0.006"/>
  <system-out><![CDATA[]]></system-out>
  <system-err><![CDATA[]]></system-err>
</testsuite>
