<?xml version="1.0" encoding="UTF-8"?>
<testsuite name="PatronTest" tests="8" skipped="0" failures="0" errors="0" timestamp="2016-03-02T19:00:24" hostname="epicodus-59.local" time="0.215">
  <properties/>
  <testcase name="updateDueDate_updatesDueDateInDatabase" classname="PatronTest" time="0.113"/>
  <testcase name="find_locatesAllInstancesOfPatronInDatabaseUsingID" classname="PatronTest" time="0.017"/>
  <testcase name="all_emptyAtFirst" classname="PatronTest" time="0.011"/>
  <testcase name="updateIdTitleAuthor_updatesIdTitleAuthorInDatabase" classname="PatronTest" time="0.019"/>
  <testcase name="updateName_updatesNameInDatabase" classname="PatronTest" time="0.02"/>
  <testcase name="equals_returnsTrueIfPatronsAreTheSame" classname="PatronTest" time="0.005"/>
  <testcase name="save_addsInstaceOfPatronToDatabase" classname="PatronTest" time="0.014"/>
  <testcase name="save_assignsIdToObject" classname="PatronTest" time="0.013"/>
  <system-out><![CDATA[]]></system-out>
  <system-err><![CDATA[]]></system-err>
</testsuite>
