<?xml version="1.0" encoding="UTF-8"?>
<testsuite name="TitleTest" tests="7" skipped="0" failures="0" errors="0" timestamp="2016-03-02T19:38:54" hostname="epicodus-59.local" time="0.086">
  <properties/>
  <testcase name="deleteTitle_deleteTitleObject" classname="TitleTest" time="0.017"/>
  <testcase name="save_addsInstaceOfTitleToDatabase" classname="TitleTest" time="0.013"/>
  <testcase name="all_emptyAtFirst" classname="TitleTest" time="0.009"/>
  <testcase name="find_locatesAllInstancesOfTitleInDatabaseUsingID" classname="TitleTest" time="0.013"/>
  <testcase name="save_assignsIdToObject" classname="TitleTest" time="0.012"/>
  <testcase name="updateTitle_updatesTitleInDatabase" classname="TitleTest" time="0.016"/>
  <testcase name="equals_returnsTrueIfTitlesAreTheSame" classname="TitleTest" time="0.004"/>
  <system-out><![CDATA[]]></system-out>
  <system-err><![CDATA[]]></system-err>
</testsuite>
