<?xml version="1.0" encoding="UTF-8"?>
<testsuite name="AuthorTest" tests="7" skipped="0" failures="0" errors="0" timestamp="2016-03-02T22:00:40" hostname="epicodus-59.local" time="0.195">
  <properties/>
  <testcase name="updateAuthor_updatesAuthorInDatabase" classname="AuthorTest" time="0.114"/>
  <testcase name="all_emptyAtFirst" classname="AuthorTest" time="0.011"/>
  <testcase name="save_addsInstaceOfAuthorToDatabase" classname="AuthorTest" time="0.015"/>
  <testcase name="find_locatesAllInstancesOfAuthorInDatabaseUsingID" classname="AuthorTest" time="0.016"/>
  <testcase name="equals_returnsTrueIfAuthorsAreTheSame" classname="AuthorTest" time="0.005"/>
  <testcase name="deleteAuthor_deleteAuthorObject" classname="AuthorTest" time="0.02"/>
  <testcase name="save_assignsIdToObject" classname="AuthorTest" time="0.014"/>
  <system-out><![CDATA[]]></system-out>
  <system-err><![CDATA[]]></system-err>
</testsuite>
