<?xml version="1.0" encoding="UTF-8"?>
<testsuite name="CatalogTest" tests="8" skipped="0" failures="0" errors="0" timestamp="2016-03-02T19:20:01" hostname="epicodus-59.local" time="0.213">
  <properties/>
  <testcase name="save_addsInstaceOfCatalogToDatabase" classname="CatalogTest" time="0.109"/>
  <testcase name="find_locatesAllInstancesOfCatalogInDatabaseUsingID" classname="CatalogTest" time="0.016"/>
  <testcase name="deleteCatalog_deleteCatalogObject" classname="CatalogTest" time="0.018"/>
  <testcase name="all_emptyAtFirst" classname="CatalogTest" time="0.01"/>
  <testcase name="updateIdTitleAuthor_updatesIdTitleAuthorInDatabase" classname="CatalogTest" time="0.02"/>
  <testcase name="updateCopies_updatesCopiesInDatabase" classname="CatalogTest" time="0.018"/>
  <testcase name="save_assignsIdToObject" classname="CatalogTest" time="0.014"/>
  <testcase name="equals_returnsTrueIfCatalogsAreTheSame" classname="CatalogTest" time="0.006"/>
  <system-out><![CDATA[]]></system-out>
  <system-err><![CDATA[]]></system-err>
</testsuite>
